<?xml version="1.0" encoding="UTF-8"?>
<!-- Generated by org.testng.reporters.JUnitXMLReporter -->
<testsuite ignored="0" hostname="LAPTOP-RH55RME4" failures="0" tests="3" name="Default test" time="0.068" errors="0" timestamp="2023-11-21T10:56:36 IST">
  <testcase classname="com.qa.OpenCart.base.demo" name="log1" time="0.012"/>
  <testcase classname="com.qa.OpenCart.base.demo" name="log2" time="0.002"/>
  <testcase classname="com.qa.OpenCart.base.demo" name="log3" time="0.002"/>
</testsuite> <!-- Default test -->
