<?xml version="1.0" encoding="UTF-8"?>
<!-- Generated by org.testng.reporters.JUnitXMLReporter -->
<testsuite ignored="0" hostname="LAPTOP-RH55RME4" failures="0" tests="6" name="OP-Cart" time="30.413" errors="0" timestamp="2023-11-21T11:39:38 IST">
  <testcase classname="com.qa.OpenCart.TestCases.TC_Register" name="register" time="4.406"/>
  <testcase classname="com.qa.OpenCart.TestCases.TC_Register" name="register" time="4.014"/>
  <testcase classname="com.qa.OpenCart.TestCases.TC_Register" name="register" time="3.831"/>
  <testcase classname="com.qa.OpenCart.TestCases.TC_Register" name="register" time="4.226"/>
  <testcase classname="com.qa.OpenCart.TestCases.TC_Register" name="register" time="4.066"/>
  <testcase classname="com.qa.OpenCart.TestCases.TC_Register" name="register" time="4.098"/>
</testsuite> <!-- OP-Cart -->
