<?xml version="1.0" encoding="UTF-8"?>
<testng-results ignored="0" total="1" passed="1" failed="0" skipped="0">
  <reporter-output>
  </reporter-output>
  <suite started-at="2023-12-01T11:03:25 IST" name="Suite" finished-at="2023-12-01T11:03:42 IST" duration-ms="17173">
    <groups>
      <group name="functional">
        <method signature="TC_Register.register([Ljava.lang.Object;)[pri:0, instance:com.qa.OpenCart.TestCases.TC_Register@6989da5e]" name="register" class="com.qa.OpenCart.TestCases.TC_Register"/>
      </group> <!-- functional -->
      <group name="regression">
        <method signature="TC_Register.register([Ljava.lang.Object;)[pri:0, instance:com.qa.OpenCart.TestCases.TC_Register@6989da5e]" name="register" class="com.qa.OpenCart.TestCases.TC_Register"/>
      </group> <!-- regression -->
      <group name="weeklyBuild">
        <method signature="TC_Register.register([Ljava.lang.Object;)[pri:0, instance:com.qa.OpenCart.TestCases.TC_Register@6989da5e]" name="register" class="com.qa.OpenCart.TestCases.TC_Register"/>
      </group> <!-- weeklyBuild -->
      <group name="dailyBuild">
        <method signature="TC_Register.register([Ljava.lang.Object;)[pri:0, instance:com.qa.OpenCart.TestCases.TC_Register@6989da5e]" name="register" class="com.qa.OpenCart.TestCases.TC_Register"/>
      </group> <!-- dailyBuild -->
      <group name="smoke">
        <method signature="TC_Register.register([Ljava.lang.Object;)[pri:0, instance:com.qa.OpenCart.TestCases.TC_Register@6989da5e]" name="register" class="com.qa.OpenCart.TestCases.TC_Register"/>
      </group> <!-- smoke -->
      <group name="sanity">
        <method signature="TC_Register.register([Ljava.lang.Object;)[pri:0, instance:com.qa.OpenCart.TestCases.TC_Register@6989da5e]" name="register" class="com.qa.OpenCart.TestCases.TC_Register"/>
      </group> <!-- sanity -->
    </groups>
    <test started-at="2023-12-01T11:03:25 IST" name="OP-Cart" finished-at="2023-12-01T11:03:42 IST" duration-ms="17173">
      <class name="com.qa.OpenCart.TestCases.TC_Register">
        <test-method is-config="true" signature="initialiseReport()[pri:0, instance:com.qa.OpenCart.TestCases.TC_Register@6989da5e]" started-at="2023-12-01T11:03:24 IST" name="initialiseReport" finished-at="2023-12-01T11:03:25 IST" duration-ms="792" status="PASS">
          <reporter-output>
          </reporter-output>
        </test-method> <!-- initialiseReport -->
        <test-method is-config="true" signature="initialiseBrowser(org.testng.ITestContext)[pri:0, instance:com.qa.OpenCart.TestCases.TC_Register@6989da5e]" started-at="2023-12-01T11:03:25 IST" name="initialiseBrowser" finished-at="2023-12-01T11:03:32 IST" duration-ms="7546" status="PASS">
          <params>
            <param index="0">
              <value>
                <![CDATA[org.testng.TestRunner@5f6494c0]]>
              </value>
            </param>
          </params>
          <reporter-output>
          </reporter-output>
        </test-method> <!-- initialiseBrowser -->
        <test-method is-config="true" signature="groups(java.lang.reflect.Method)[pri:0, instance:com.qa.OpenCart.TestCases.TC_Register@6989da5e]" started-at="2023-12-01T11:03:34 IST" name="groups" finished-at="2023-12-01T11:03:34 IST" duration-ms="2" status="PASS">
          <params>
            <param index="0">
              <value>
                <![CDATA[public void com.qa.OpenCart.TestCases.TC_Register.register(java.lang.Object[]) throws java.lang.Exception]]>
              </value>
            </param>
          </params>
          <reporter-output>
          </reporter-output>
        </test-method> <!-- groups -->
        <test-method signature="register([Ljava.lang.Object;)[pri:0, instance:com.qa.OpenCart.TestCases.TC_Register@6989da5e]" started-at="2023-12-01T11:03:34 IST" name="register" data-provider="CustomerDetails" finished-at="2023-12-01T11:03:41 IST" duration-ms="7044" status="PASS">
          <params>
            <param index="0">
              <value>
                <![CDATA[[Ljava.lang.Object;@44598ef7]]>
              </value>
            </param>
          </params>
          <reporter-output>
          </reporter-output>
        </test-method> <!-- register -->
        <test-method is-config="true" signature="checkStatus(java.lang.reflect.Method,org.testng.ITestResult)[pri:0, instance:com.qa.OpenCart.TestCases.TC_Register@6989da5e]" started-at="2023-12-01T11:03:41 IST" name="checkStatus" finished-at="2023-12-01T11:03:41 IST" duration-ms="17" status="PASS">
          <params>
            <param index="0">
              <value>
                <![CDATA[public void com.qa.OpenCart.TestCases.TC_Register.register(java.lang.Object[]) throws java.lang.Exception]]>
              </value>
            </param>
            <param index="1">
              <value>
                <![CDATA[[TestResult name=register status=SUCCESS method=TC_Register.register([Ljava.lang.Object;)[pri:0, instance:com.qa.OpenCart.TestCases.TC_Register@6989da5e] output={null}]]]>
              </value>
            </param>
          </params>
          <reporter-output>
          </reporter-output>
        </test-method> <!-- checkStatus -->
        <test-method is-config="true" signature="tearDown()[pri:0, instance:com.qa.OpenCart.TestCases.TC_Register@6989da5e]" started-at="2023-12-01T11:03:41 IST" name="tearDown" finished-at="2023-12-01T11:03:42 IST" duration-ms="553" status="PASS">
          <reporter-output>
          </reporter-output>
        </test-method> <!-- tearDown -->
        <test-method is-config="true" signature="generateReports()[pri:0, instance:com.qa.OpenCart.TestCases.TC_Register@6989da5e]" started-at="2023-12-01T11:03:42 IST" name="generateReports" finished-at="2023-12-01T11:03:44 IST" duration-ms="1888" status="PASS">
          <reporter-output>
          </reporter-output>
        </test-method> <!-- generateReports -->
      </class> <!-- com.qa.OpenCart.TestCases.TC_Register -->
    </test> <!-- OP-Cart -->
  </suite> <!-- Suite -->
</testng-results>
