<?xml version="1.0" encoding="UTF-8"?>
<testng-results ignored="0" total="6" passed="6" failed="0" skipped="0">
  <reporter-output>
  </reporter-output>
  <suite started-at="2023-11-21T11:39:08 IST" name="Suite" finished-at="2023-11-21T11:39:38 IST" duration-ms="30413">
    <groups>
      <group name="functional">
        <method signature="TC_Register.register([Ljava.lang.Object;)[pri:0, instance:com.qa.OpenCart.TestCases.TC_Register@3eb738bb]" name="register" class="com.qa.OpenCart.TestCases.TC_Register"/>
      </group> <!-- functional -->
      <group name="regression">
        <method signature="TC_Register.register([Ljava.lang.Object;)[pri:0, instance:com.qa.OpenCart.TestCases.TC_Register@3eb738bb]" name="register" class="com.qa.OpenCart.TestCases.TC_Register"/>
      </group> <!-- regression -->
      <group name="weeklyBuild">
        <method signature="TC_Register.register([Ljava.lang.Object;)[pri:0, instance:com.qa.OpenCart.TestCases.TC_Register@3eb738bb]" name="register" class="com.qa.OpenCart.TestCases.TC_Register"/>
      </group> <!-- weeklyBuild -->
      <group name="dailyBuild">
        <method signature="TC_Register.register([Ljava.lang.Object;)[pri:0, instance:com.qa.OpenCart.TestCases.TC_Register@3eb738bb]" name="register" class="com.qa.OpenCart.TestCases.TC_Register"/>
      </group> <!-- dailyBuild -->
      <group name="smoke">
        <method signature="TC_Register.register([Ljava.lang.Object;)[pri:0, instance:com.qa.OpenCart.TestCases.TC_Register@3eb738bb]" name="register" class="com.qa.OpenCart.TestCases.TC_Register"/>
      </group> <!-- smoke -->
      <group name="sanity">
        <method signature="TC_Register.register([Ljava.lang.Object;)[pri:0, instance:com.qa.OpenCart.TestCases.TC_Register@3eb738bb]" name="register" class="com.qa.OpenCart.TestCases.TC_Register"/>
      </group> <!-- sanity -->
    </groups>
    <test started-at="2023-11-21T11:39:08 IST" name="OP-Cart" finished-at="2023-11-21T11:39:38 IST" duration-ms="30413">
      <class name="com.qa.OpenCart.TestCases.TC_Register">
        <test-method is-config="true" signature="initialiseReport()[pri:0, instance:com.qa.OpenCart.TestCases.TC_Register@3eb738bb]" started-at="2023-11-21T11:39:07 IST" name="initialiseReport" finished-at="2023-11-21T11:39:08 IST" duration-ms="274" status="PASS">
          <reporter-output>
          </reporter-output>
        </test-method> <!-- initialiseReport -->
        <test-method is-config="true" signature="initialiseBrowser(org.testng.ITestContext)[pri:0, instance:com.qa.OpenCart.TestCases.TC_Register@3eb738bb]" started-at="2023-11-21T11:39:08 IST" name="initialiseBrowser" finished-at="2023-11-21T11:39:12 IST" duration-ms="4212" status="PASS">
          <params>
            <param index="0">
              <value>
                <![CDATA[org.testng.TestRunner@15f861ee]]>
              </value>
            </param>
          </params>
          <reporter-output>
          </reporter-output>
        </test-method> <!-- initialiseBrowser -->
        <test-method is-config="true" signature="groups(java.lang.reflect.Method)[pri:0, instance:com.qa.OpenCart.TestCases.TC_Register@3eb738bb]" started-at="2023-11-21T11:39:13 IST" name="groups" finished-at="2023-11-21T11:39:13 IST" duration-ms="1" status="PASS">
          <params>
            <param index="0">
              <value>
                <![CDATA[public void com.qa.OpenCart.TestCases.TC_Register.register(java.lang.Object[]) throws java.lang.Exception]]>
              </value>
            </param>
          </params>
          <reporter-output>
          </reporter-output>
        </test-method> <!-- groups -->
        <test-method signature="register([Ljava.lang.Object;)[pri:0, instance:com.qa.OpenCart.TestCases.TC_Register@3eb738bb]" started-at="2023-11-21T11:39:13 IST" name="register" data-provider="CustomerDetails" finished-at="2023-11-21T11:39:17 IST" duration-ms="4406" status="PASS">
          <params>
            <param index="0">
              <value>
                <![CDATA[[Ljava.lang.Object;@22865072]]>
              </value>
            </param>
          </params>
          <reporter-output>
          </reporter-output>
        </test-method> <!-- register -->
        <test-method is-config="true" signature="checkStatus(java.lang.reflect.Method,org.testng.ITestResult)[pri:0, instance:com.qa.OpenCart.TestCases.TC_Register@3eb738bb]" started-at="2023-11-21T11:39:18 IST" name="checkStatus" finished-at="2023-11-21T11:39:18 IST" duration-ms="3" status="PASS">
          <params>
            <param index="0">
              <value>
                <![CDATA[public void com.qa.OpenCart.TestCases.TC_Register.register(java.lang.Object[]) throws java.lang.Exception]]>
              </value>
            </param>
            <param index="1">
              <value>
                <![CDATA[[TestResult name=register status=SUCCESS method=TC_Register.register([Ljava.lang.Object;)[pri:0, instance:com.qa.OpenCart.TestCases.TC_Register@3eb738bb] output={null}]]]>
              </value>
            </param>
          </params>
          <reporter-output>
          </reporter-output>
        </test-method> <!-- checkStatus -->
        <test-method is-config="true" signature="groups(java.lang.reflect.Method)[pri:0, instance:com.qa.OpenCart.TestCases.TC_Register@3eb738bb]" started-at="2023-11-21T11:39:18 IST" name="groups" finished-at="2023-11-21T11:39:18 IST" duration-ms="2" status="PASS">
          <params>
            <param index="0">
              <value>
                <![CDATA[public void com.qa.OpenCart.TestCases.TC_Register.register(java.lang.Object[]) throws java.lang.Exception]]>
              </value>
            </param>
          </params>
          <reporter-output>
          </reporter-output>
        </test-method> <!-- groups -->
        <test-method signature="register([Ljava.lang.Object;)[pri:0, instance:com.qa.OpenCart.TestCases.TC_Register@3eb738bb]" started-at="2023-11-21T11:39:18 IST" name="register" data-provider="CustomerDetails" finished-at="2023-11-21T11:39:22 IST" duration-ms="4014" status="PASS">
          <params>
            <param index="0">
              <value>
                <![CDATA[[Ljava.lang.Object;@8077c97]]>
              </value>
            </param>
          </params>
          <reporter-output>
          </reporter-output>
        </test-method> <!-- register -->
        <test-method is-config="true" signature="checkStatus(java.lang.reflect.Method,org.testng.ITestResult)[pri:0, instance:com.qa.OpenCart.TestCases.TC_Register@3eb738bb]" started-at="2023-11-21T11:39:22 IST" name="checkStatus" finished-at="2023-11-21T11:39:22 IST" duration-ms="6" status="PASS">
          <params>
            <param index="0">
              <value>
                <![CDATA[public void com.qa.OpenCart.TestCases.TC_Register.register(java.lang.Object[]) throws java.lang.Exception]]>
              </value>
            </param>
            <param index="1">
              <value>
                <![CDATA[[TestResult name=register status=SUCCESS method=TC_Register.register([Ljava.lang.Object;)[pri:0, instance:com.qa.OpenCart.TestCases.TC_Register@3eb738bb] output={null}]]]>
              </value>
            </param>
          </params>
          <reporter-output>
          </reporter-output>
        </test-method> <!-- checkStatus -->
        <test-method is-config="true" signature="groups(java.lang.reflect.Method)[pri:0, instance:com.qa.OpenCart.TestCases.TC_Register@3eb738bb]" started-at="2023-11-21T11:39:22 IST" name="groups" finished-at="2023-11-21T11:39:22 IST" duration-ms="2" status="PASS">
          <params>
            <param index="0">
              <value>
                <![CDATA[public void com.qa.OpenCart.TestCases.TC_Register.register(java.lang.Object[]) throws java.lang.Exception]]>
              </value>
            </param>
          </params>
          <reporter-output>
          </reporter-output>
        </test-method> <!-- groups -->
        <test-method signature="register([Ljava.lang.Object;)[pri:0, instance:com.qa.OpenCart.TestCases.TC_Register@3eb738bb]" started-at="2023-11-21T11:39:22 IST" name="register" data-provider="CustomerDetails" finished-at="2023-11-21T11:39:25 IST" duration-ms="3831" status="PASS">
          <params>
            <param index="0">
              <value>
                <![CDATA[[Ljava.lang.Object;@27358a19]]>
              </value>
            </param>
          </params>
          <reporter-output>
          </reporter-output>
        </test-method> <!-- register -->
        <test-method is-config="true" signature="checkStatus(java.lang.reflect.Method,org.testng.ITestResult)[pri:0, instance:com.qa.OpenCart.TestCases.TC_Register@3eb738bb]" started-at="2023-11-21T11:39:25 IST" name="checkStatus" finished-at="2023-11-21T11:39:25 IST" duration-ms="2" status="PASS">
          <params>
            <param index="0">
              <value>
                <![CDATA[public void com.qa.OpenCart.TestCases.TC_Register.register(java.lang.Object[]) throws java.lang.Exception]]>
              </value>
            </param>
            <param index="1">
              <value>
                <![CDATA[[TestResult name=register status=SUCCESS method=TC_Register.register([Ljava.lang.Object;)[pri:0, instance:com.qa.OpenCart.TestCases.TC_Register@3eb738bb] output={null}]]]>
              </value>
            </param>
          </params>
          <reporter-output>
          </reporter-output>
        </test-method> <!-- checkStatus -->
        <test-method is-config="true" signature="groups(java.lang.reflect.Method)[pri:0, instance:com.qa.OpenCart.TestCases.TC_Register@3eb738bb]" started-at="2023-11-21T11:39:25 IST" name="groups" finished-at="2023-11-21T11:39:25 IST" duration-ms="6" status="PASS">
          <params>
            <param index="0">
              <value>
                <![CDATA[public void com.qa.OpenCart.TestCases.TC_Register.register(java.lang.Object[]) throws java.lang.Exception]]>
              </value>
            </param>
          </params>
          <reporter-output>
          </reporter-output>
        </test-method> <!-- groups -->
        <test-method signature="register([Ljava.lang.Object;)[pri:0, instance:com.qa.OpenCart.TestCases.TC_Register@3eb738bb]" started-at="2023-11-21T11:39:25 IST" name="register" data-provider="CustomerDetails" finished-at="2023-11-21T11:39:30 IST" duration-ms="4226" status="PASS">
          <params>
            <param index="0">
              <value>
                <![CDATA[[Ljava.lang.Object;@60928a61]]>
              </value>
            </param>
          </params>
          <reporter-output>
          </reporter-output>
        </test-method> <!-- register -->
        <test-method is-config="true" signature="checkStatus(java.lang.reflect.Method,org.testng.ITestResult)[pri:0, instance:com.qa.OpenCart.TestCases.TC_Register@3eb738bb]" started-at="2023-11-21T11:39:30 IST" name="checkStatus" finished-at="2023-11-21T11:39:30 IST" duration-ms="1" status="PASS">
          <params>
            <param index="0">
              <value>
                <![CDATA[public void com.qa.OpenCart.TestCases.TC_Register.register(java.lang.Object[]) throws java.lang.Exception]]>
              </value>
            </param>
            <param index="1">
              <value>
                <![CDATA[[TestResult name=register status=SUCCESS method=TC_Register.register([Ljava.lang.Object;)[pri:0, instance:com.qa.OpenCart.TestCases.TC_Register@3eb738bb] output={null}]]]>
              </value>
            </param>
          </params>
          <reporter-output>
          </reporter-output>
        </test-method> <!-- checkStatus -->
        <test-method is-config="true" signature="groups(java.lang.reflect.Method)[pri:0, instance:com.qa.OpenCart.TestCases.TC_Register@3eb738bb]" started-at="2023-11-21T11:39:30 IST" name="groups" finished-at="2023-11-21T11:39:30 IST" duration-ms="1" status="PASS">
          <params>
            <param index="0">
              <value>
                <![CDATA[public void com.qa.OpenCart.TestCases.TC_Register.register(java.lang.Object[]) throws java.lang.Exception]]>
              </value>
            </param>
          </params>
          <reporter-output>
          </reporter-output>
        </test-method> <!-- groups -->
        <test-method signature="register([Ljava.lang.Object;)[pri:0, instance:com.qa.OpenCart.TestCases.TC_Register@3eb738bb]" started-at="2023-11-21T11:39:30 IST" name="register" data-provider="CustomerDetails" finished-at="2023-11-21T11:39:34 IST" duration-ms="4066" status="PASS">
          <params>
            <param index="0">
              <value>
                <![CDATA[[Ljava.lang.Object;@5d5d3a5c]]>
              </value>
            </param>
          </params>
          <reporter-output>
          </reporter-output>
        </test-method> <!-- register -->
        <test-method is-config="true" signature="checkStatus(java.lang.reflect.Method,org.testng.ITestResult)[pri:0, instance:com.qa.OpenCart.TestCases.TC_Register@3eb738bb]" started-at="2023-11-21T11:39:34 IST" name="checkStatus" finished-at="2023-11-21T11:39:34 IST" duration-ms="3" status="PASS">
          <params>
            <param index="0">
              <value>
                <![CDATA[public void com.qa.OpenCart.TestCases.TC_Register.register(java.lang.Object[]) throws java.lang.Exception]]>
              </value>
            </param>
            <param index="1">
              <value>
                <![CDATA[[TestResult name=register status=SUCCESS method=TC_Register.register([Ljava.lang.Object;)[pri:0, instance:com.qa.OpenCart.TestCases.TC_Register@3eb738bb] output={null}]]]>
              </value>
            </param>
          </params>
          <reporter-output>
          </reporter-output>
        </test-method> <!-- checkStatus -->
        <test-method is-config="true" signature="groups(java.lang.reflect.Method)[pri:0, instance:com.qa.OpenCart.TestCases.TC_Register@3eb738bb]" started-at="2023-11-21T11:39:34 IST" name="groups" finished-at="2023-11-21T11:39:34 IST" duration-ms="2" status="PASS">
          <params>
            <param index="0">
              <value>
                <![CDATA[public void com.qa.OpenCart.TestCases.TC_Register.register(java.lang.Object[]) throws java.lang.Exception]]>
              </value>
            </param>
          </params>
          <reporter-output>
          </reporter-output>
        </test-method> <!-- groups -->
        <test-method signature="register([Ljava.lang.Object;)[pri:0, instance:com.qa.OpenCart.TestCases.TC_Register@3eb738bb]" started-at="2023-11-21T11:39:34 IST" name="register" data-provider="CustomerDetails" finished-at="2023-11-21T11:39:38 IST" duration-ms="4098" status="PASS">
          <params>
            <param index="0">
              <value>
                <![CDATA[[Ljava.lang.Object;@563317c1]]>
              </value>
            </param>
          </params>
          <reporter-output>
          </reporter-output>
        </test-method> <!-- register -->
        <test-method is-config="true" signature="checkStatus(java.lang.reflect.Method,org.testng.ITestResult)[pri:0, instance:com.qa.OpenCart.TestCases.TC_Register@3eb738bb]" started-at="2023-11-21T11:39:38 IST" name="checkStatus" finished-at="2023-11-21T11:39:38 IST" duration-ms="2" status="PASS">
          <params>
            <param index="0">
              <value>
                <![CDATA[public void com.qa.OpenCart.TestCases.TC_Register.register(java.lang.Object[]) throws java.lang.Exception]]>
              </value>
            </param>
            <param index="1">
              <value>
                <![CDATA[[TestResult name=register status=SUCCESS method=TC_Register.register([Ljava.lang.Object;)[pri:0, instance:com.qa.OpenCart.TestCases.TC_Register@3eb738bb] output={null}]]]>
              </value>
            </param>
          </params>
          <reporter-output>
          </reporter-output>
        </test-method> <!-- checkStatus -->
        <test-method is-config="true" signature="tearDown()[pri:0, instance:com.qa.OpenCart.TestCases.TC_Register@3eb738bb]" started-at="2023-11-21T11:39:38 IST" name="tearDown" finished-at="2023-11-21T11:39:38 IST" duration-ms="292" status="PASS">
          <reporter-output>
          </reporter-output>
        </test-method> <!-- tearDown -->
        <test-method is-config="true" signature="generateReports()[pri:0, instance:com.qa.OpenCart.TestCases.TC_Register@3eb738bb]" started-at="2023-11-21T11:39:38 IST" name="generateReports" finished-at="2023-11-21T11:39:39 IST" duration-ms="377" status="FAIL">
          <exception class="java.io.IOException">
            <message>
              <![CDATA[Failed to open file:/C:/Users/tubby/eclipse-workspace/OpenCart/./ExtentReports/TestReport21112023113908.html. Error message: The system cannot find the file specified.
]]>
            </message>
            <full-stacktrace>
              <![CDATA[java.io.IOException: Failed to open file:/C:/Users/tubby/eclipse-workspace/OpenCart/./ExtentReports/TestReport21112023113908.html. Error message: The system cannot find the file specified.

at java.desktop/sun.awt.windows.WDesktopPeer.ShellExecute(WDesktopPeer.java:115)
at java.desktop/sun.awt.windows.WDesktopPeer.browse(WDesktopPeer.java:101)
at java.desktop/java.awt.Desktop.browse(Desktop.java:533)
at com.qa.OpenCart.base.TestBase.generateReports(TestBase.java:125)
at java.base/jdk.internal.reflect.DirectMethodHandleAccessor.invoke(DirectMethodHandleAccessor.java:104)
at java.base/java.lang.reflect.Method.invoke(Method.java:578)
at org.testng.internal.invokers.MethodInvocationHelper.invokeMethod(MethodInvocationHelper.java:139)
at org.testng.internal.invokers.MethodInvocationHelper.invokeMethodConsideringTimeout(MethodInvocationHelper.java:69)
at org.testng.internal.invokers.ConfigInvoker.invokeConfigurationMethod(ConfigInvoker.java:390)
at org.testng.internal.invokers.ConfigInvoker.invokeConfigurations(ConfigInvoker.java:325)
at org.testng.SuiteRunner.privateRun(SuiteRunner.java:410)
at org.testng.SuiteRunner.run(SuiteRunner.java:336)
at org.testng.SuiteRunnerWorker.runSuite(SuiteRunnerWorker.java:52)
at org.testng.SuiteRunnerWorker.run(SuiteRunnerWorker.java:95)
at org.testng.TestNG.runSuitesSequentially(TestNG.java:1280)
at org.testng.TestNG.runSuitesLocally(TestNG.java:1200)
at org.testng.TestNG.runSuites(TestNG.java:1114)
at org.testng.TestNG.run(TestNG.java:1082)
at org.testng.remote.AbstractRemoteTestNG.run(AbstractRemoteTestNG.java:115)
at org.testng.remote.RemoteTestNG.initAndRun(RemoteTestNG.java:251)
at org.testng.remote.RemoteTestNG.main(RemoteTestNG.java:77)
]]>
            </full-stacktrace>
          </exception> <!-- java.io.IOException -->
          <reporter-output>
          </reporter-output>
        </test-method> <!-- generateReports -->
      </class> <!-- com.qa.OpenCart.TestCases.TC_Register -->
    </test> <!-- OP-Cart -->
  </suite> <!-- Suite -->
</testng-results>
